[2025-12-31 04:20:10] BUY @ 88174.92 | time=2025-12-30 21:20:00
[2025-12-31 16:15:34] BUY @ 88575.29 | time=2025-12-31 09:15:00
[2025-12-31 16:16:28] BUY @ 88575.29 | time=2025-12-31 09:15:00
[2025-12-31 17:00:08] TIME_EXIT @ 88674.19 | PnL=0.11%
[2025-12-31 17:00:28] BUY @ 88674.19 | time=2025-12-31 10:00:00
[2025-12-31 17:03:49] BUY @ 88674.19 | time=2025-12-31 10:00:00
[2025-12-31 17:45:08] TIME_EXIT @ 88744.75 | PnL=0.08%
[2025-12-31 17:45:29] BUY @ 88744.75 | time=2025-12-31 10:45:00
[2025-12-31 19:27:05] BUY @ 88958.01 | time=2025-12-31 12:25:00
[2025-12-31 19:39:42] BUY @ 88946.20 | time=2025-12-31 12:35:00
[2025-12-31 20:20:00] TIME_EXIT @ 88867.05 | PnL=-0.09%
[2025-12-31 20:20:21] BUY @ 88867.05 | time=2025-12-31 13:20:00
[2025-12-31 21:05:03] TIME_EXIT @ 89021.66 | PnL=0.17%
[2025-12-31 21:05:24] BUY @ 89021.66 | time=2025-12-31 14:05:00
[2026-01-02 02:25:19] BUY @ 88160.99 | time=2026-01-01 19:25:00
[2026-01-02 02:26:59] BUY @ 88160.99 | time=2026-01-01 19:25:00
[2026-01-02 16:23:14] BUY @ 89185.84 | time=2026-01-02 09:20:00
[2026-01-02 16:44:43] BUY @ 89147.36 | 2026-01-02 09:40:00
[2026-01-02 16:46:21] BUY @ 89237.91 | 2026-01-02 09:45:00
[2026-01-02 16:50:02] TAKE_PROFIT @ 89472.01 | PnL=0.26%
[2026-01-02 16:50:08] BUY @ 89472.01 | 2026-01-02 09:50:00
[2026-01-02 17:00:03] TIME_EXIT @ 89480.00 | PnL=0.01%
[2026-01-02 17:00:09] BUY @ 89480.00 | 2026-01-02 10:00:00
[2026-01-02 17:10:03] TAKE_PROFIT @ 89727.99 | PnL=0.28%
[2026-01-02 17:10:10] BUY @ 89727.99 | 2026-01-02 10:10:00
[2026-01-02 17:25:01] TIME_EXIT @ 89753.27 | PnL=0.03%
[2026-01-02 17:25:07] BUY @ 89753.27 | 2026-01-02 10:25:00
[2026-01-02 17:32:35] BUY @ 89641.98 | 2026-01-02 10:32:35.370618
[2026-01-02 17:36:42] BUY @ 89609.57 | 2026-01-02 10:36:42.643293
[2026-01-02 17:38:03] BUY @ 89686.38 | 2026-01-02 10:38:03.209839
[2026-01-02 17:40:16] BUY @ 89672.00 | 2026-01-02 10:40:16.447377
[2026-01-02 17:51:25] TIME_EXIT @ 89716.74 | PnL=0.05%
[2026-01-02 17:51:32] BUY @ 89710.10 | 2026-01-02 10:51:32.354500
[2026-01-02 18:01:33] TIME_EXIT @ 89610.00 | PnL=-0.11%
[2026-01-02 18:01:39] BUY @ 89610.01 | 2026-01-02 11:01:39.672927
[2026-01-02 18:01:49] BUY @ 89604.26 | 2026-01-02 11:01:49.588305
[2026-01-02 18:18:11] STOP_LOSS @ 89458.65 | PnL=-0.16%
[2026-01-02 18:18:17] BUY @ 89458.66 | 2026-01-02 11:18:17.707452
[2026-01-02 18:21:14] BUY @ 89544.82 | 2026-01-02 11:21:14.274356
[2026-01-02 18:22:07] BUY @ 89537.28 | 2026-01-02 11:22:07.266113
[2026-01-02 18:29:05] STOP_LOSS @ 89400.00 | PnL=-0.15%
[2026-01-02 18:29:11] BUY @ 89400.01 | 2026-01-02 11:29:11.303539
